<?xml version="1.0" encoding="UTF-8"?>
<!-- Generated by org.testng.reporters.JUnitXMLReporter -->
<testsuite ignored="0" hostname="ivhy-dell" failures="1" tests="1" name="Command line test" time="1.133" errors="0" timestamp="2021-09-16T22:27:40 PET">
  <testcase classname="Tests" name="Test01" time="1.042">
    <failure type="java.lang.AssertionError" message="expected [¡Vamos a divertirnos un poco!] but found [null]">
      <![CDATA[java.lang.AssertionError: expected [¡Vamos a divertirnos un poco!] but found [null]
at Tests.Test01(Tests.java:12)
at java.base/java.util.ArrayList.forEach(ArrayList.java:1511)
... Removed 42 stack frames]]>
    </failure>
  </testcase> <!-- Test01 -->
</testsuite> <!-- Command line test -->
